<?xml version="1.0" encoding="UTF-8"?>
<testsuite name="com.shnus.VoteBotApplicationTest" tests="1" skipped="0" failures="0" errors="0" timestamp="2018-01-25T23:25:40" hostname="DESKTOP-TQGOQVD" time="0.001">
  <properties/>
  <testcase name="test" classname="com.shnus.VoteBotApplicationTest" time="0.001"/>
  <system-out><![CDATA[]]></system-out>
  <system-err><![CDATA[]]></system-err>
</testsuite>
